

<!DOCTYPE html>
<html>
<head>
<meta charset="UTF-8">
<meta name="viewport" content="width=device-width, initial-scale=1, shrink-to-fit=no">
<title></title>
<link rel="apple-touch-icon" href="https://cdn.jsdelivr.net/gh/extent-framework/extent-github-cdn@b00a2d0486596e73dd7326beacf352c639623a0e/commons/img/logo.png">
<link rel="shortcut icon" href="https://cdn.jsdelivr.net/gh/extent-framework/extent-github-cdn@b00a2d0486596e73dd7326beacf352c639623a0e/commons/img/logo.png">
<link href="https://cdn.jsdelivr.net/gh/extent-framework/extent-github-cdn@d6562a79075e061305ccfdb82f01e5e195e2d307/spark/css/spark-style.css" rel="stylesheet" />
<link href="https://stackpath.bootstrapcdn.com/font-awesome/4.7.0/css/font-awesome.min.css" rel="stylesheet">
<script src="https://cdn.jsdelivr.net/gh/extent-framework/extent-github-cdn@7cc78ce/spark/js/jsontree.js"></script>
<style type="text/css"></style></head><body class="spa bdd-report standard">
  <div class="app">
    <div class="layout">
<div class="header navbar">
<div class="vheader">
<div class="nav-logo">
<a href="#">
<div class="logo" style="background-image: url('https://cdn.jsdelivr.net/gh/extent-framework/extent-github-cdn@b00a2d0486596e73dd7326beacf352c639623a0e/commons/img/logo.png')"></div>
</a>
</div>
<ul class="nav-left">
<li class="search-box">
<a class="search-toggle" href="#">
<i class="search-icon fa fa-search"></i>
<i class="search-icon-close fa fa-close"></i>
</a>
</li>
<li class="search-input"><input id="search-tests" class="form-control" type="text" placeholder="Search..."></li>
</ul>
<ul class="nav-right">
<li class="m-r-10">
<a href="#"><span class="badge badge-primary"></span></a>
</li>
<li class="m-r-10">
<a href="#"><span class="badge badge-primary">Jan 8, 2024 06:44:06 pm</span></a>
</li>
</ul>
</div>
</div><div class="side-nav">
<div class="side-nav-inner">
<ul class="side-nav-menu">
<li class="nav-item dropdown" onclick="toggleView('test-view')">
<a id="nav-test" class="dropdown-toggle" href="#">
<span class="ico"><i class="fa fa-list"></i></span>
</a>
</li>
<li class="nav-item dropdown" onclick="toggleView('exception-view')">
<a id="nav-exception" class="dropdown-toggle" href="#">
<span class="ico"><i class="fa fa-bug"></i></span>
</a>
</li>
<li class="nav-item dropdown" onclick="toggleView('category-view')">
<a id="nav-category" class="dropdown-toggle" href="#">
<span class="ico"><i class="fa fa-tag"></i></span>
</a>
</li>
<li class="nav-item dropdown" onclick="toggleView('dashboard-view')">
<a id="nav-dashboard" class="dropdown-toggle" href="#">
<span class="ico"><i class="fa fa-bar-chart"></i></span>
</a>
</li>
</ul>
</div>
</div>      <div class="vcontainer">
        <div class="main-content">
<div class="test-wrapper row view test-view">
  <div class="test-list">
    <div class="test-list-tools">
<ul class="tools pull-left">
<li><a href="#"><span class="font-size-14">Tests</span></a></li>
</ul>
<ul class="tools text-right">
<li class="dropdown">
<a href="#" class="dropdown-toggle" data-toggle="dropdown"><i class="fa fa-exclamation-circle"></i></a>
<ul id="status-toggle" class="dropdown-menu dropdown-md p-v-0">
<a class="dropdown-item" status="fail" href="#"><span>Fail</span><span class="status danger"></span></a>
<div class="dropdown-divider"></div>
<a status="clear" class="dropdown-item" href="#"><span>Clear</span><span class="pull-right"><i class="fa fa-close"></i></span></a>
</ul>
</li>
<li class="dropdown">
<a href="#" class="dropdown-toggle" data-toggle="dropdown"><i class="fa fa-tag"></i></a>
<ul id="tag-toggle" class="dropdown-menu dropdown-md p-v-0">
<a class="dropdown-item" href="#">@Types1</a><a class="dropdown-item" href="#">@Regression1991</a>
</ul>
</li>
</ul>
</div>    <div class="test-list-wrapper scrollable">
      <ul class="test-list-item">
        <li class="test-item"  status="fail" test-id="1"
          author=""
          tag=""
          device="">
          <div class="test-detail">
            <p class="name">verify the close day screen</p>
            <p class="text-sm">
              <span>6:44:07 pm</span> / <span>00:01:00:804</span>
              <span class="badge fail-bg log float-right">Fail</span>
            </p>
          </div>
          <div class="test-contents d-none">
<div class="detail-head">
<div class="p-v-10">
<div class="info">
<h5 class="test-status text-fail">verify the close day screen</h5>
<span class='badge badge-success'>01.08.2024 6:44:07 pm</span>
<span class='badge badge-danger'>01.08.2024 6:45:08 pm</span>
<span class='badge badge-default'>00:01:00:804</span>
&middot; <span class='uri-anchor badge badge-default'>#test-id=1</span>
<span class='badge badge-default pointer float-right ml-1 et'><i class="fa fa-chevron-down"></i></span>
<span class='badge badge-default pointer float-right ct'><i class="fa fa-chevron-up"></i></span>
</div>
<div class="m-t-10 m-l-5"></div>
</div>
</div>
<div class="accordion mt-4">
  <div class="card">
    <div class="card-header" role="tab">
      <div class="card-title">
        <div class="node" id="2"><span class="badge log fail-bg mr-2">Fail</span>verify the values in closeday screen before creating a sales,netsale value,gross sale value,Cover count,creditcard,gross receipt,gross sale,netsale,netvoid,initialTaxExempt,initial grossvoid,</div>
      </div>
    </div>
        <div class="scenario_outline ">
            <div class="card-body l1">
              <div class="card-header">
                <div class="card-title outline-child">
                  <div class="node" id="3"><span class="badge log fail-bg mr-2">Fail</span>verify the values in closeday screen before creating a sales,netsale value,gross sale value,Cover count,creditcard,gross receipt,gross sale,netsale,netvoid,initialTaxExempt,initial grossvoid,</div>
                </div>
              </div>
              <div class="card-body mt-3 ">
                  <div class="step fail-bg">
                    <span>com.qa.stepdef.Hooks.initialize(io.cucumber.java.Scenario)</span>
      <div>
        <textarea disabled class="code-block">org.openqa.selenium.NoSuchWindowException: no such window: target window already closed
from unknown error: web view not found
  (Session info: chrome=120.0.6099.199)
Build info: version: '4.14.0', revision: 'e5a96349ce'
System info: os.name: 'Mac OS X', os.arch: 'aarch64', os.version: '14.1.1', java.version: '17.0.4'
Driver info: org.openqa.selenium.chrome.ChromeDriver
Command: [fa52371f1d082f8a6c0cee4c1f145551, findElement {using=xpath, value=//input[@name='email']}]
Capabilities {acceptInsecureCerts: false, browserName: chrome, browserVersion: 120.0.6099.199, chrome: {chromedriverVersion: 120.0.6099.71 (9729082fe617..., userDataDir: /var/folders/tp/d_f17nks5bq...}, fedcm:accounts: true, goog:chromeOptions: {debuggerAddress: localhost:52878}, networkConnectionEnabled: false, pageLoadStrategy: normal, platformName: mac, proxy: Proxy(), se:cdp: ws://localhost:52878/devtoo..., se:cdpVersion: 120.0.6099.199, setWindowRect: true, strictFileInteractability: false, timeouts: {implicit: 0, pageLoad: 300000, script: 30000}, unhandledPromptBehavior: dismiss and notify, webauthn:extension:credBlob: true, webauthn:extension:largeBlob: true, webauthn:extension:minPinLength: true, webauthn:extension:prf: true, webauthn:virtualAuthenticators: true}
Session ID: fa52371f1d082f8a6c0cee4c1f145551
	at java.base/jdk.internal.reflect.NativeConstructorAccessorImpl.newInstance0(Native Method)
	at java.base/jdk.internal.reflect.NativeConstructorAccessorImpl.newInstance(NativeConstructorAccessorImpl.java:77)
	at java.base/jdk.internal.reflect.DelegatingConstructorAccessorImpl.newInstance(DelegatingConstructorAccessorImpl.java:45)
	at java.base/java.lang.reflect.Constructor.newInstanceWithCaller(Constructor.java:499)
	at java.base/java.lang.reflect.Constructor.newInstance(Constructor.java:480)
	at org.openqa.selenium.remote.codec.w3c.W3CHttpResponseCodec.createException(W3CHttpResponseCodec.java:200)
	at org.openqa.selenium.remote.codec.w3c.W3CHttpResponseCodec.decode(W3CHttpResponseCodec.java:133)
	at org.openqa.selenium.remote.codec.w3c.W3CHttpResponseCodec.decode(W3CHttpResponseCodec.java:52)
	at org.openqa.selenium.remote.HttpCommandExecutor.execute(HttpCommandExecutor.java:191)
	at org.openqa.selenium.remote.service.DriverCommandExecutor.invokeExecute(DriverCommandExecutor.java:196)
	at org.openqa.selenium.remote.service.DriverCommandExecutor.execute(DriverCommandExecutor.java:171)
	at org.openqa.selenium.remote.RemoteWebDriver.execute(RemoteWebDriver.java:602)
	at org.openqa.selenium.remote.ElementLocation$ElementFinder$2.findElement(ElementLocation.java:165)
	at org.openqa.selenium.remote.ElementLocation.findElement(ElementLocation.java:59)
	at org.openqa.selenium.remote.RemoteWebDriver.findElement(RemoteWebDriver.java:359)
	at org.openqa.selenium.remote.RemoteWebDriver.findElement(RemoteWebDriver.java:353)
	at com.qa.utils.CapabilitiesManager.setup(CapabilitiesManager.java:83)
	at com.qa.stepdef.Hooks.initialize(Hooks.java:41)
</textarea>
      
      </div>
                  </div>
                  <div class="step skip-bg">
                    <span>Given I'm logged in</span>
      <div>Step skipped
      </div>
                  </div>
                  <div class="step skip-bg">
                    <span>And I close the order type window</span>
      <div>Step skipped
      </div>
                  </div>
                  <div class="step skip-bg">
                    <span>And I click the Settings button</span>
      <div>Step skipped
      </div>
                  </div>
                  <div class="step skip-bg">
                    <span>And I click close day tab</span>
      <div>Step skipped
      </div>
                  </div>
                  <div class="step skip-bg">
                    <span>And I click close all cashier button</span>
      <div>Step skipped
      </div>
                  </div>
                  <div class="step skip-bg">
                    <span>When I verify the cannot close the shift, store have the active checks</span>
      <div>Step skipped
      </div>
                  </div>
                  <div class="step skip-bg">
                    <span>When I click the Close the day button in the operation screen</span>
      <div>Step skipped
      </div>
                  </div>
                  <div class="step skip-bg">
                    <span>Then I should see do you want to close the day popup</span>
      <div>Step skipped
      </div>
                  </div>
                  <div class="step skip-bg">
                    <span>And I click yes button on the do you want close the day popup</span>
      <div>Step skipped
      </div>
                  </div>
                  <div class="step skip-bg">
                    <span>When I click the submit button the close the day checklist</span>
      <div>Step skipped
      </div>
                  </div>
                  <div class="step skip-bg">
                    <span>Then I should see close day performed successfully popup</span>
      <div>Step skipped
      </div>
                  </div>
                  <div class="step skip-bg">
                    <span>And I click Done button on the Popup</span>
      <div>Step skipped
      </div>
                  </div>
                  <div class="step skip-bg">
                    <span>And I click the Toggle Icon button</span>
      <div>Step skipped
      </div>
                  </div>
                  <div class="step skip-bg">
                    <span>And I click POS Icon from Toggle</span>
      <div>Step skipped
      </div>
                  </div>
                  <div class="step skip-bg">
                    <span>And I close the order type window</span>
      <div>Step skipped
      </div>
                  </div>
                  <div class="step skip-bg">
                    <span>And I click log off button in order screen</span>
      <div>Step skipped
      </div>
                  </div>
                  <div class="step skip-bg">
                    <span>Given I enter the Pin number for login</span>
      <div>Step skipped
      </div>
                  </div>
                  <div class="step skip-bg">
                    <span>And I click the operation button in the login screen</span>
      <div>Step skipped
      </div>
                  </div>
                  <div class="step skip-bg">
                    <span>And I click close day tab</span>
      <div>Step skipped
      </div>
                  </div>
                  <div class="step skip-bg">
                    <span>And I click close all cashier button</span>
      <div>Step skipped
      </div>
                  </div>
                  <div class="step skip-bg">
                    <span>When I verify the cannot close the shift, store have the active checks</span>
      <div>Step skipped
      </div>
                  </div>
                  <div class="step skip-bg">
                    <span>Then I should verify the value Net Sale of "0.00" "verify the 0.00value"</span>
      <div>Step skipped
      </div>
                  </div>
                  <div class="step skip-bg">
                    <span>And I should verify the value of Gross Sale "0.00" "Check gross sale value"</span>
      <div>Step skipped
      </div>
                  </div>
                  <div class="step skip-bg">
                    <span>And I should verify the value of New Customer "0" "Check New customer value"</span>
      <div>Step skipped
      </div>
                  </div>
                  <div class="step skip-bg">
                    <span>And I should verify the value of All Employees "0" "Check All employees value"</span>
      <div>Step skipped
      </div>
                  </div>
                  <div class="step skip-bg">
                    <span>Then I should verify the value of "0.00" "verify the total net sale value"</span>
      <div>Step skipped
      </div>
                  </div>
                  <div class="step skip-bg">
                    <span>Then I should verify the value of Gross Sale1 "0.00" "Check gross sale value"</span>
      <div>Step skipped
      </div>
                  </div>
                  <div class="step skip-bg">
                    <span>Then I should see the close day with "0"</span>
      <div>Step skipped
      </div>
                  </div>
                  <div class="step skip-bg">
                    <span>Then It should show the Gross Receipt as "0.00" "Verify Gross Receipt"</span>
      <div>Step skipped
      </div>
                  </div>
                  <div class="step skip-bg">
                    <span>Then I should verify the value of the "0.00" "Check gross void value"</span>
      <div>Step skipped
      </div>
                  </div>
                  <div class="step skip-bg">
                    <span>Then I should verify the net void in the sale recap after creating sale"0.00" "Check net void value"</span>
      <div>Step skipped
      </div>
                  </div>
                  <div class="step skip-bg">
                    <span>Then I should verify the initial Gross sale value as"0.00" "Check gross sale value"</span>
      <div>Step skipped
      </div>
                  </div>
                  <div class="step skip-bg">
                    <span>And I should verify the current date is displayed</span>
      <div>Step skipped
      </div>
                  </div>
                  <div class="step skip-bg">
                    <span>And I click print button in the Close the day screen "Click the Print Button"</span>
      <div>Step skipped
      </div>
                  </div>
                  <div class="step skip-bg">
                    <span>And I click power button1</span>
      <div>Step skipped
      </div>
                  </div>
                  <div class="step fail-bg">
                    <span>com.qa.stepdef.Hooks.quit(io.cucumber.java.Scenario)</span>
      <div>
        <textarea disabled class="code-block">org.openqa.selenium.NoSuchWindowException: no such window: target window already closed
from unknown error: web view not found
  (Session info: chrome=120.0.6099.199)
Build info: version: '4.14.0', revision: 'e5a96349ce'
System info: os.name: 'Mac OS X', os.arch: 'aarch64', os.version: '14.1.1', java.version: '17.0.4'
Driver info: org.openqa.selenium.chrome.ChromeDriver
Command: [fa52371f1d082f8a6c0cee4c1f145551, screenshot {}]
Capabilities {acceptInsecureCerts: false, browserName: chrome, browserVersion: 120.0.6099.199, chrome: {chromedriverVersion: 120.0.6099.71 (9729082fe617..., userDataDir: /var/folders/tp/d_f17nks5bq...}, fedcm:accounts: true, goog:chromeOptions: {debuggerAddress: localhost:52878}, networkConnectionEnabled: false, pageLoadStrategy: normal, platformName: mac, proxy: Proxy(), se:cdp: ws://localhost:52878/devtoo..., se:cdpVersion: 120.0.6099.199, setWindowRect: true, strictFileInteractability: false, timeouts: {implicit: 0, pageLoad: 300000, script: 30000}, unhandledPromptBehavior: dismiss and notify, webauthn:extension:credBlob: true, webauthn:extension:largeBlob: true, webauthn:extension:minPinLength: true, webauthn:extension:prf: true, webauthn:virtualAuthenticators: true}
Session ID: fa52371f1d082f8a6c0cee4c1f145551
	at java.base/jdk.internal.reflect.NativeConstructorAccessorImpl.newInstance0(Native Method)
	at java.base/jdk.internal.reflect.NativeConstructorAccessorImpl.newInstance(NativeConstructorAccessorImpl.java:77)
	at java.base/jdk.internal.reflect.DelegatingConstructorAccessorImpl.newInstance(DelegatingConstructorAccessorImpl.java:45)
	at java.base/java.lang.reflect.Constructor.newInstanceWithCaller(Constructor.java:499)
	at java.base/java.lang.reflect.Constructor.newInstance(Constructor.java:480)
	at org.openqa.selenium.remote.codec.w3c.W3CHttpResponseCodec.createException(W3CHttpResponseCodec.java:200)
	at org.openqa.selenium.remote.codec.w3c.W3CHttpResponseCodec.decode(W3CHttpResponseCodec.java:133)
	at org.openqa.selenium.remote.codec.w3c.W3CHttpResponseCodec.decode(W3CHttpResponseCodec.java:52)
	at org.openqa.selenium.remote.HttpCommandExecutor.execute(HttpCommandExecutor.java:191)
	at org.openqa.selenium.remote.service.DriverCommandExecutor.invokeExecute(DriverCommandExecutor.java:196)
	at org.openqa.selenium.remote.service.DriverCommandExecutor.execute(DriverCommandExecutor.java:171)
	at org.openqa.selenium.remote.RemoteWebDriver.execute(RemoteWebDriver.java:602)
	at org.openqa.selenium.remote.RemoteWebDriver.execute(RemoteWebDriver.java:675)
	at org.openqa.selenium.remote.RemoteWebDriver.execute(RemoteWebDriver.java:679)
	at org.openqa.selenium.remote.RemoteWebDriver.getScreenshotAs(RemoteWebDriver.java:325)
	at com.qa.stepdef.Hooks.quit(Hooks.java:55)
</textarea>
      
      </div>
                  </div>
              </div>
            </div>
        </div>
  </div>
</div>
          </div>
        </li>
      </ul>
    </div>
  </div>
<div class="test-content scrollable">
<div class="test-content-tools">
<ul><li><a class="back-to-test" href="#"><i class="fa fa-arrow-left"></i></a></li></ul>
</div>
<div class="test-content-detail"><div class="detail-body"></div></div>
</div></div>
<div class="test-wrapper row view exception-view attributes-view">
<div class="test-list">
<div class="test-list-tools">
<ul class="tools pull-left"><li><a href=""><span class="font-size-14">Exception</span></a></li></ul>
<ul class="tools text-right"><li><a href="#"><span class="badge badge-primary">1</span></a></li></ul>
</div>
<div class="test-list-wrapper scrollable">
<ul class="test-list-item">
<li class="test-item">
<div class="test-detail">
<span class="meta">
<span class='badge log badge-danger'>2</span>
</span>
<p class="name">org.openqa.selenium.NoSuchWindowException</p>
<p class="duration text-sm">2 tests</p>
</div>
<div class="test-contents d-none">
<div class="info">
<h4>org.openqa.selenium.NoSuchWindowException</h4>
<span status="fail" class='badge log badge-danger'>2 failed</span>
</div>
<table class='table table-sm mt-4'>
<thead>
<tr>
<th class="status-col">Status</th>
<th class="timestamp-col">Timestamp</th>
<th>TestName</th>
</tr>
</thead>
<tbody>
<tr class="tag-test-status" status="fail">
<td><span class="badge log fail-bg">Fail</span></td>
<td>18:44:07 pm</td>
<td>
<a href="#" class="linked" test-id='1' id='4'>com.qa.stepdef.Hooks.initialize(io.cucumber.java.Scenario)</a>
<div class="">
<span class="badge badge-default">verify the close day screen.verify the values in closeday screen before creating a sales,netsale value,gross sale value,Cover count,creditcard,gross receipt,gross sale,netsale,netvoid,initialTaxExempt,initial grossvoid,.com.qa.stepdef.Hooks.initialize(io.cucumber.java.Scenario)</span>
</div>
</td>
</tr>
<tr class="tag-test-status" status="fail">
<td><span class="badge log fail-bg">Fail</span></td>
<td>18:45:08 pm</td>
<td>
<a href="#" class="linked" test-id='1' id='40'>com.qa.stepdef.Hooks.quit(io.cucumber.java.Scenario)</a>
<div class="">
<span class="badge badge-default">verify the close day screen.verify the values in closeday screen before creating a sales,netsale value,gross sale value,Cover count,creditcard,gross receipt,gross sale,netsale,netvoid,initialTaxExempt,initial grossvoid,.com.qa.stepdef.Hooks.quit(io.cucumber.java.Scenario)</span>
</div>
</td>
</tr>
</tbody>
</table>
</div>
</li>
</ul>
</div>
</div>
<div class="test-content scrollable">
<div class="test-content-detail">
<div class="detail-body"></div>
</div>
</div>
</div><div class="test-wrapper row view category-view attributes-view">
<div class="test-list">
<div class="test-list-tools">
<ul class="tools pull-left"><li><a href=""><span class="font-size-14">Category</span></a></li></ul>
<ul class="tools text-right"><li><a href="#"><span class="badge badge-primary">2</span></a></li></ul>
</div>
<div class="test-list-wrapper scrollable">
<ul class="test-list-item">
<li class="test-item">
<div class="test-detail">
<span class="meta">
<span class='badge log badge-danger'>1</span>
</span>
<p class="name">@Types1</p>
<p class="duration text-sm">1 tests</p>
</div>
<div class="test-contents d-none">
<div class="info">
<h4>@Types1</h4>
<span status="fail" class='badge log badge-danger'>1 failed</span>
</div>
<table class='table table-sm mt-4'>
<thead>
<tr>
<th class="status-col">Status</th>
<th class="timestamp-col">Timestamp</th>
<th>TestName</th>
</tr>
</thead>
<tbody>
<tr class="tag-test-status" status="fail">
<td><span class="badge log fail-bg">Fail</span></td>
<td>18:44:07 pm</td>
<td>
<a href="#" class="linked" test-id='1' id='3'>verify the values in closeday screen before creating a sales,netsale value,gross sale value,Cover count,creditcard,gross receipt,gross sale,netsale,netvoid,initialTaxExempt,initial grossvoid,</a>
<div class="">
<span class="badge badge-default">verify the close day screen.verify the values in closeday screen before creating a sales,netsale value,gross sale value,Cover count,creditcard,gross receipt,gross sale,netsale,netvoid,initialTaxExempt,initial grossvoid,</span>
</div>
</td>
</tr>
</tbody>
</table>
</div>
</li>
<li class="test-item">
<div class="test-detail">
<span class="meta">
<span class='badge log badge-danger'>1</span>
</span>
<p class="name">@Regression1991</p>
<p class="duration text-sm">1 tests</p>
</div>
<div class="test-contents d-none">
<div class="info">
<h4>@Regression1991</h4>
<span status="fail" class='badge log badge-danger'>1 failed</span>
</div>
<table class='table table-sm mt-4'>
<thead>
<tr>
<th class="status-col">Status</th>
<th class="timestamp-col">Timestamp</th>
<th>TestName</th>
</tr>
</thead>
<tbody>
<tr class="tag-test-status" status="fail">
<td><span class="badge log fail-bg">Fail</span></td>
<td>18:44:07 pm</td>
<td>
<a href="#" class="linked" test-id='1' id='3'>verify the values in closeday screen before creating a sales,netsale value,gross sale value,Cover count,creditcard,gross receipt,gross sale,netsale,netvoid,initialTaxExempt,initial grossvoid,</a>
<div class="">
<span class="badge badge-default">verify the close day screen.verify the values in closeday screen before creating a sales,netsale value,gross sale value,Cover count,creditcard,gross receipt,gross sale,netsale,netvoid,initialTaxExempt,initial grossvoid,</span>
</div>
</td>
</tr>
</tbody>
</table>
</div>
</li>
</ul>
</div>
</div>
<div class="test-content scrollable">
<div class="test-content-detail">
<div class="detail-body"></div>
</div>
</div>
</div><div class="container-fluid p-4 view dashboard-view">
<div class="row">
<div class="col-md-3">
<div class="card"><div class="card-body">
<p class="m-b-0">Started</p>
<h3>Jan 8, 2024 06:44:06 pm</h3>
</div></div>
</div>
<div class="col-md-3">
<div class="card"><div class="card-body">
<p class="m-b-0">Ended</p>
<h3>Jan 8, 2024 06:45:08 pm</h3>
</div></div>
</div>
<div class="col-md-3">
<div class="card"><div class="card-body">
<p class="m-b-0 text-pass">Features Passed</p>
<h3>0</h3>
</div></div>
</div>
<div class="col-md-3">
<div class="card"><div class="card-body">
<p class="m-b-0 text-fail">Features Failed</p>
<h3>1</h3>
</div></div>
</div>
</div>
<div class="row">
<div class="col-md-4">
<div class="card">
<div class="card-header">
<h6 class="card-title">Features</h6>
</div>
<div class="card-body">
<div class="">
<canvas id='parent-analysis' width='115' height='90'></canvas>
</div>
</div>
<div class="card-footer">
<div><small data-tooltip='0%'>
<b>0</b> features passed
</small>
</div>
<div>
<small data-tooltip='100%'><b>1</b> features failed,
<b>0</b> skipped, <b data-tooltip='0%'>0</b> others
</small>
</div>
</div>
</div>
</div>
<div class="col-md-4">
<div class="card">
<div class="card-header">
<h6 class="card-title">Scenarios</h6>
</div>
<div class="card-body">
<div class="">
<canvas id='child-analysis' width='115' height='90'></canvas>
</div>
</div>
<div class="card-footer">
<div><small data-tooltip='0%'><b>0</b> scenarios passed</small></div>
<div>
<small data-tooltip='100%'><b>1</b> scenarios failed,
<b>0</b> skipped, <b data-tooltip='%'>0</b> others
</small>
</div>
</div>
</div>
</div>
<div class="col-md-4">
<div class="card">
<div class="card-header">
<h6 class="card-title">Steps</h6>
</div>
<div class="card-body">
<div class="">
<canvas id='grandchild-analysis' width='115' height='90'></canvas>
</div>
</div>
<div class="card-footer">
<div><small data-tooltip='0%'><b>0</b> steps passed</small></div>
<div>
<small data-tooltip='5%'><b>2</b> steps failed,
<b>35</b> skipped, <b data-tooltip='%'>0</b> others
</small>
</div>
</div>
</div>
</div>
</div>
<div class="row"><div class="col-md-12">
<div class="card"><div class="card-header"><p>Timeline</p></div>
<div class="card-body pt-0"><div>
<canvas id="timeline" height="120"></canvas>
</div></div>
</div>
</div></div>
<script>
var timeline = {
"verify the close day screen":60.804
};
</script>
<div class="row">
<div class="col-lg-6 col-md-12 category-container">
<div class="card">
<div class="card-header"><p>Tags</p></div>
<div class="card-body pb-0 pt-0"><table class="table table-sm table-bordered">
<thead><tr class="bg-gray"><th>Name</th><th>Passed</th><th>Failed</th><th>Skipped</th><th>Others</th><th>Passed %</th></tr></thead><tbody>
<tr>
<td>@Types1</td>
<td>0</td>
<td>1</td>
<td>0</td>
<td>0</td>
<td>0%</td>
</tr>
<tr>
<td>@Regression1991</td>
<td>0</td>
<td>1</td>
<td>0</td>
<td>0</td>
<td>0%</td>
</tr>
</tbody>
</table></div>
</div>
</div>
</div>
</div>
<script>
var statusGroup = {
parentCount: 5,
passParent: 0,
failParent: 1,
warningParent: 0,
skipParent: 0,
childCount: 5,
passChild: 0,
failChild: 1,
warningChild: 0,
skipChild: 0,
infoChild: 0,
grandChildCount: 5,
passGrandChild: 0,
failGrandChild: 2,
warningGrandChild: 0,
skipGrandChild: 35,
infoGrandChild: 0,
eventsCount: 5,
};
</script>        </div>
      </div>
    </div>
  </div>
<script src="https://cdn.jsdelivr.net/gh/extent-framework/extent-github-cdn@d6562a79075e061305ccfdb82f01e5e195e2d307/spark/js/spark-script.js"></script>
<script type="text/javascript"></script></body>
</html>